[debug] [2022-11-28T19:05:08.510Z] ----------------------------------------------------------------------
[debug] [2022-11-28T19:05:08.512Z] Command:       C:\Program Files\nodejs\node.exe C:\Users\Ja\AppData\Roaming\npm\node_modules\firebase-tools\lib\bin\firebase.js init
[debug] [2022-11-28T19:05:08.513Z] CLI Version:   11.16.1
[debug] [2022-11-28T19:05:08.513Z] Platform:      win32
[debug] [2022-11-28T19:05:08.513Z] Node Version:  v16.17.0
[debug] [2022-11-28T19:05:08.514Z] Time:          Mon Nov 28 2022 20:05:08 GMT+0100 (czas środkowoeuropejski standardowy)
[debug] [2022-11-28T19:05:08.515Z] ----------------------------------------------------------------------
[debug] 
[debug] [2022-11-28T19:05:08.518Z] >>> [apiv2][query] GET https://firebase-public.firebaseio.com/cli.json [none]
[debug] [2022-11-28T19:05:08.542Z] > command requires scopes: ["email","openid","https://www.googleapis.com/auth/cloudplatformprojects.readonly","https://www.googleapis.com/auth/firebase","https://www.googleapis.com/auth/cloud-platform"]
[debug] [2022-11-28T19:05:08.542Z] > authorizing via signed-in user (terorystamax@gmail.com)
[info] 
     ######## #### ########  ######## ########     ###     ######  ########
     ##        ##  ##     ## ##       ##     ##  ##   ##  ##       ##
     ######    ##  ########  ######   ########  #########  ######  ######
     ##        ##  ##    ##  ##       ##     ## ##     ##       ## ##
     ##       #### ##     ## ######## ########  ##     ##  ######  ########

You're about to initialize a Firebase project in this directory:

  D:\gay shit\true-tetris\src

[debug] [2022-11-28T19:05:08.881Z] <<< [apiv2][status] GET https://firebase-public.firebaseio.com/cli.json 200
[debug] [2022-11-28T19:05:08.882Z] <<< [apiv2][body] GET https://firebase-public.firebaseio.com/cli.json {"cloudBuildErrorAfter":1594252800000,"cloudBuildWarnAfter":1590019200000,"defaultNode10After":1594252800000,"minVersion":"3.0.5","node8DeploysDisabledAfter":1613390400000,"node8RuntimeDisabledAfter":1615809600000,"node8WarnAfter":1600128000000}
